<?xml version="1.0" encoding="UTF-8"?>
<testsuite xmlns:xsi="http://www.w3.org/2001/XMLSchema-instance" xsi:noNamespaceSchemaLocation="https://maven.apache.org/surefire/maven-surefire-plugin/xsd/surefire-test-report-3.0.xsd" version="3.0" name="br.com.sanittas.app.AppApplicationTests" time="21.856" tests="1" errors="0" skipped="0" failures="0">
  <properties>
[...]
</properties>
  <testcase name="contextLoads" classname="br.com.sanittas.app.AppApplicationTests" time="1.789">
    <system-out><![CDATA[12:51:35.691 [main] INFO org.springframework.test.context.support.AnnotationConfigContextLoaderUtils -- Could not detect default configuration classes for test class [br.com.sanittas.app.AppApplicationTests]: AppApplicationTests does not declare any static, non-private, non-final, nested classes annotated with @Configuration.
12:51:36.087 [main] INFO org.springframework.boot.test.context.SpringBootTestContextBootstrapper -- Found @SpringBootConfiguration br.com.sanittas.app.AppApplication for test class br.com.sanittas.app.AppApplicationTests

  .   ____          _            __ _ _
 /\\ / ___'_ __ _ _(_)_ __  __ _ \ \ \ \
( ( )\___ | '_ | '_| | '_ \/ _` | \ \ \ \
 \\/  ___)| |_)| | | | | || (_| |  ) ) ) )
  '  |____| .__|_| |_|_| |_\__, | / / / /
 =========|_|==============|___/=/_/_/_/
 :: Spring Boot ::                (v3.1.3)

2023-10-13T12:51:37.647-03:00  INFO 11456 --- [           main] b.com.sanittas.app.AppApplicationTests   : Starting AppApplicationTests using Java 17.0.6 with PID 11456 (started by gabri in C:\Users\gabri\Downloads\Api-Rest\CRUD-Usuario\app)
2023-10-13T12:51:37.650-03:00  INFO 11456 --- [           main] b.com.sanittas.app.AppApplicationTests   : The following 1 profile is active: "dev"
2023-10-13T12:51:41.295-03:00  INFO 11456 --- [           main] .s.d.r.c.RepositoryConfigurationDelegate : Bootstrapping Spring Data JPA repositories in DEFAULT mode.
2023-10-13T12:51:41.531-03:00  INFO 11456 --- [           main] .s.d.r.c.RepositoryConfigurationDelegate : Finished Spring Data repository scanning in 203 ms. Found 2 JPA repository interfaces.
2023-10-13T12:51:43.320-03:00  INFO 11456 --- [           main] o.hibernate.jpa.internal.util.LogHelper  : HHH000204: Processing PersistenceUnitInfo [name: default]
2023-10-13T12:51:43.618-03:00  INFO 11456 --- [           main] org.hibernate.Version                    : HHH000412: Hibernate ORM core version 6.2.7.Final
2023-10-13T12:51:43.623-03:00  INFO 11456 --- [           main] org.hibernate.cfg.Environment            : HHH000406: Using bytecode reflection optimizer
2023-10-13T12:51:44.138-03:00  INFO 11456 --- [           main] o.h.b.i.BytecodeProviderInitiator        : HHH000021: Bytecode provider name : bytebuddy
2023-10-13T12:51:44.795-03:00  INFO 11456 --- [           main] o.s.o.j.p.SpringPersistenceUnitInfo      : No LoadTimeWeaver setup: ignoring JPA class transformer
2023-10-13T12:51:44.875-03:00  INFO 11456 --- [           main] com.zaxxer.hikari.HikariDataSource       : HikariPool-1 - Starting...
2023-10-13T12:51:45.509-03:00  INFO 11456 --- [           main] com.zaxxer.hikari.pool.HikariPool        : HikariPool-1 - Added connection conn0: url=jdbc:h2:mem:testdb user=SA
2023-10-13T12:51:45.512-03:00  INFO 11456 --- [           main] com.zaxxer.hikari.HikariDataSource       : HikariPool-1 - Start completed.
2023-10-13T12:51:46.425-03:00  INFO 11456 --- [           main] o.h.b.i.BytecodeProviderInitiator        : HHH000021: Bytecode provider name : bytebuddy
2023-10-13T12:51:48.467-03:00  INFO 11456 --- [           main] o.h.e.t.j.p.i.JtaPlatformInitiator       : HHH000490: Using JtaPlatform implementation: [org.hibernate.engine.transaction.jta.platform.internal.NoJtaPlatform]
Hibernate: create table endereco (id bigint generated by default as identity, cidade varchar(255), complemento varchar(255), estado varchar(255), logradouro varchar(255), numero varchar(255), usuario_id integer, primary key (id))
Hibernate: create table usuario (id integer generated by default as identity, cpf varchar(255), email varchar(255), nome varchar(255), senha varchar(255), primary key (id))
Hibernate: alter table if exists endereco add constraint FKekdpb8k6gmp3lllla9d1qgmxk foreign key (usuario_id) references usuario
2023-10-13T12:51:48.588-03:00  INFO 11456 --- [           main] j.LocalContainerEntityManagerFactoryBean : Initialized JPA EntityManagerFactory for persistence unit 'default'
2023-10-13T12:51:49.807-03:00  INFO 11456 --- [           main] o.s.d.j.r.query.QueryEnhancerFactory     : Hibernate is in classpath; If applicable, HQL parser will be used.
2023-10-13T12:51:50.857-03:00  WARN 11456 --- [           main] JpaBaseConfiguration$JpaWebConfiguration : spring.jpa.open-in-view is enabled by default. Therefore, database queries may be performed during view rendering. Explicitly configure spring.jpa.open-in-view to disable this warning
2023-10-13T12:51:51.955-03:00  INFO 11456 --- [           main] o.s.s.web.DefaultSecurityFilterChain     : Will secure any request with [org.springframework.security.web.session.DisableEncodeUrlFilter@2202e978, org.springframework.security.web.context.request.async.WebAsyncManagerIntegrationFilter@381ed137, org.springframework.security.web.context.SecurityContextHolderFilter@1c0f32ad, org.springframework.security.web.header.HeaderWriterFilter@63ee2891, org.springframework.web.filter.CorsFilter@6eacf3be, org.springframework.security.web.authentication.logout.LogoutFilter@5f65a6d7, br.com.sanittas.app.api.configuration.security.AutenticacaoFilter@35d31e1c, org.springframework.security.web.savedrequest.RequestCacheAwareFilter@1a920154, org.springframework.security.web.servletapi.SecurityContextHolderAwareRequestFilter@e870ac9, org.springframework.security.web.authentication.AnonymousAuthenticationFilter@1912ba29, org.springframework.security.web.session.SessionManagementFilter@2f1d2384, org.springframework.security.web.access.ExceptionTranslationFilter@1fcb01f8, org.springframework.security.web.access.intercept.AuthorizationFilter@21312b5]
2023-10-13T12:51:54.114-03:00  INFO 11456 --- [           main] o.s.b.a.e.web.EndpointLinksResolver      : Exposing 1 endpoint(s) beneath base path '/actuator'
2023-10-13T12:51:54.388-03:00  INFO 11456 --- [           main] b.com.sanittas.app.AppApplicationTests   : Started AppApplicationTests in 17.757 seconds (process running for 21.48)
]]></system-out>
  </testcase>
</testsuite>